<?xml version="1.0" encoding="UTF-8"?>
<!-- Generated by org.testng.reporters.JUnitReportReporter -->
<testsuite hostname="sys-PC" name="day19.DatdrivenTesting3" tests="1" failures="0" timestamp="26 Sep 2015 07:24:24 GMT" time="46.734" errors="0">
  <testcase name="datadrivenTest" time="46.734" classname="day19.DatdrivenTesting3"/>
</testsuite> <!-- day19.DatdrivenTesting3 -->
